<?xml version="1.0" encoding="UTF-8"?>
<!-- Generated by org.testng.reporters.JUnitReportReporter -->
<testsuite hostname="Minnulaptop" failures="0" tests="1" name="configurationDemo.TestSeleniumBlog" time="0.012" errors="0" timestamp="2021-05-27T15:58:38 CDT" skipped="0">
  <testcase classname="configurationDemo.TestSeleniumBlog" name="testConfig" time="0.012"/>
  <system-out/>
</testsuite> <!-- configurationDemo.TestSeleniumBlog -->
